<?xml version="1.0" encoding="UTF-8"?>
<!-- Generated by org.testng.reporters.JUnitReportReporter -->
<testsuite skipped="0" hostname="DESKTOP-57MGSH4" name="com.generic.AppiumTest" tests="2" failures="0" timestamp="2020-03-16T23:59:52 IST" time="0.015" errors="0">
  <testcase name="AppiumTest1" time="0.015" classname="com.generic.AppiumTest"/>
  <testcase name="AppiumTest2" time="0.000" classname="com.generic.AppiumTest"/>
</testsuite> <!-- com.generic.AppiumTest -->
