<?xml version="1.0" encoding="UTF-8"?>
<!-- Generated by org.testng.reporters.JUnitReportReporter -->
<testsuite skipped="0" hostname="DESKTOP-57MGSH4" name="com.generic.mavenone" tests="1" failures="0" timestamp="2020-03-16T23:59:51 IST" time="0.000" errors="0">
  <testcase name="maven" time="0.000" classname="com.generic.mavenone"/>
</testsuite> <!-- com.generic.mavenone -->
