<?xml version="1.0" encoding="UTF-8"?>
<!-- Generated by org.testng.reporters.JUnitReportReporter -->
<testsuite skipped="0" hostname="DESKTOP-57MGSH4" name="com.generic.seleniumTest" tests="2" failures="0" timestamp="2020-05-09T15:56:24 IST" time="0.035" errors="0">
  <testcase name="SeleniumTest2" time="0.000" classname="com.generic.seleniumTest"/>
  <testcase name="SeleniumTest1" time="0.035" classname="com.generic.seleniumTest"/>
</testsuite> <!-- com.generic.seleniumTest -->
