<?xml version="1.0" encoding="UTF-8"?>
<!-- Generated by org.testng.reporters.JUnitReportReporter -->
<testsuite skipped="0" hostname="DESKTOP-57MGSH4" name="com.generic.seleniumTest" tests="2" failures="0" timestamp="09 May 2020 05:25:43 GMT" time="0.031" errors="0">
  <testcase name="SeleniumTest1" time="0.031" classname="com.generic.seleniumTest"/>
  <testcase name="SeleniumTest2" time="0.000" classname="com.generic.seleniumTest"/>
</testsuite> <!-- com.generic.seleniumTest -->
