<?xml version="1.0" encoding="UTF-8"?>
<!-- Generated by org.testng.reporters.JUnitReportReporter -->
<testsuite skipped="0" hostname="DESKTOP-57MGSH4" name="com.generic.APITest" tests="2" failures="0" timestamp="27 Mar 2020 02:12:05 GMT" time="0.008" errors="0">
  <testcase name="APITest1" time="0.004" classname="com.generic.APITest"/>
  <testcase name="APITest2" time="0.004" classname="com.generic.APITest"/>
</testsuite> <!-- com.generic.APITest -->
